{"D:\\QA\\BeerVerse\\helpers.js": {"path":"D:\\QA\\BeerVerse\\helpers.js","statementMap":{"0":{"start":{"line":3,"column":8},"end":{"line":9,"column":9}},"1":{"start":{"line":4,"column":12},"end":{"line":4,"column":48}},"2":{"start":{"line":5,"column":12},"end":{"line":5,"column":42}},"3":{"start":{"line":7,"column":12},"end":{"line":7,"column":35}},"4":{"start":{"line":8,"column":12},"end":{"line":8,"column":31}},"5":{"start":{"line":10,"column":8},"end":{"line":10,"column":29}},"6":{"start":{"line":11,"column":8},"end":{"line":13,"column":9}},"7":{"start":{"line":12,"column":12},"end":{"line":12,"column":53}}},"fnMap":{"0":{"name":"(anonymous_0)","decl":{"start":{"line":2,"column":4},"end":{"line":2,"column":5}},"loc":{"start":{"line":2,"column":41},"end":{"line":14,"column":5}},"line":2}},"branchMap":{"0":{"loc":{"start":{"line":3,"column":8},"end":{"line":9,"column":9}},"type":"if","locations":[{"start":{"line":3,"column":8},"end":{"line":9,"column":9}},{"start":{"line":6,"column":15},"end":{"line":9,"column":9}}],"line":3},"1":{"loc":{"start":{"line":11,"column":8},"end":{"line":13,"column":9}},"type":"if","locations":[{"start":{"line":11,"column":8},"end":{"line":13,"column":9}},{"start":{},"end":{}}],"line":11}},"s":{"0":24,"1":18,"2":18,"3":6,"4":6,"5":24,"6":24,"7":24},"f":{"0":24},"b":{"0":[18,6],"1":[24,0]},"_coverageSchema":"1a1c01bbd47fc00a2c39e90264f33305004495a9","hash":"304755be516c976360fc529194542f7d43dbaf94"}
,"D:\\QA\\BeerVerse\\DB\\config\\connectDB.js": {"path":"D:\\QA\\BeerVerse\\DB\\config\\connectDB.js","statementMap":{"0":{"start":{"line":4,"column":2},"end":{"line":10,"column":3}},"1":{"start":{"line":5,"column":4},"end":{"line":5,"column":32}},"2":{"start":{"line":6,"column":4},"end":{"line":6,"column":37}},"3":{"start":{"line":8,"column":4},"end":{"line":8,"column":60}},"4":{"start":{"line":9,"column":4},"end":{"line":9,"column":20}}},"fnMap":{"0":{"name":"connectDB","decl":{"start":{"line":3,"column":22},"end":{"line":3,"column":31}},"loc":{"start":{"line":3,"column":61},"end":{"line":11,"column":1}},"line":3}},"branchMap":{"0":{"loc":{"start":{"line":3,"column":32},"end":{"line":3,"column":59}},"type":"default-arg","locations":[{"start":{"line":3,"column":38},"end":{"line":3,"column":59}}],"line":3}},"s":{"0":1,"1":1,"2":1,"3":0,"4":0},"f":{"0":1},"b":{"0":[0]},"_coverageSchema":"1a1c01bbd47fc00a2c39e90264f33305004495a9","hash":"346b6615e54f42994c48331c0d0bf2877a18cab8"}
,"D:\\QA\\BeerVerse\\controllers\\authControllers.js": {"path":"D:\\QA\\BeerVerse\\controllers\\authControllers.js","statementMap":{"0":{"start":{"line":5,"column":4},"end":{"line":15,"column":5}},"1":{"start":{"line":6,"column":23},"end":{"line":6,"column":58}},"2":{"start":{"line":7,"column":8},"end":{"line":10,"column":11}},"3":{"start":{"line":13,"column":8},"end":{"line":13,"column":47}},"4":{"start":{"line":14,"column":8},"end":{"line":14,"column":105}},"5":{"start":{"line":19,"column":4},"end":{"line":27,"column":5}},"6":{"start":{"line":20,"column":23},"end":{"line":20,"column":55}},"7":{"start":{"line":21,"column":8},"end":{"line":24,"column":11}},"8":{"start":{"line":26,"column":8},"end":{"line":26,"column":67}}},"fnMap":{"0":{"name":"registerUserController","decl":{"start":{"line":4,"column":22},"end":{"line":4,"column":44}},"loc":{"start":{"line":4,"column":55},"end":{"line":16,"column":1}},"line":4},"1":{"name":"loginUserController","decl":{"start":{"line":18,"column":22},"end":{"line":18,"column":41}},"loc":{"start":{"line":18,"column":52},"end":{"line":28,"column":1}},"line":18}},"branchMap":{"0":{"loc":{"start":{"line":14,"column":19},"end":{"line":14,"column":38}},"type":"binary-expr","locations":[{"start":{"line":14,"column":19},"end":{"line":14,"column":31}},{"start":{"line":14,"column":35},"end":{"line":14,"column":38}}],"line":14},"1":{"loc":{"start":{"line":14,"column":54},"end":{"line":14,"column":101}},"type":"binary-expr","locations":[{"start":{"line":14,"column":54},"end":{"line":14,"column":66}},{"start":{"line":14,"column":70},"end":{"line":14,"column":83}},{"start":{"line":14,"column":87},"end":{"line":14,"column":101}}],"line":14},"2":{"loc":{"start":{"line":26,"column":19},"end":{"line":26,"column":36}},"type":"binary-expr","locations":[{"start":{"line":26,"column":19},"end":{"line":26,"column":29}},{"start":{"line":26,"column":33},"end":{"line":26,"column":36}}],"line":26}},"s":{"0":4,"1":4,"2":2,"3":2,"4":2,"5":4,"6":4,"7":1,"8":3},"f":{"0":4,"1":4},"b":{"0":[2,1],"1":[2,2,1],"2":[3,1]},"_coverageSchema":"1a1c01bbd47fc00a2c39e90264f33305004495a9","hash":"e1aa59d8759c659f3ec9d77e261af3f74dfe3685"}
,"D:\\QA\\BeerVerse\\data\\users.js": {"path":"D:\\QA\\BeerVerse\\data\\users.js","statementMap":{"0":{"start":{"line":1,"column":21},"end":{"line":1,"column":23}}},"fnMap":{},"branchMap":{},"s":{"0":1},"f":{},"b":{},"_coverageSchema":"1a1c01bbd47fc00a2c39e90264f33305004495a9","hash":"ab4a292640e0cd80397816b15f38a70cc846c1fc"}
,"D:\\QA\\BeerVerse\\models\\beer.js": {"path":"D:\\QA\\BeerVerse\\models\\beer.js","statementMap":{"0":{"start":{"line":3,"column":19},"end":{"line":15,"column":22}}},"fnMap":{},"branchMap":{},"s":{"0":1},"f":{},"b":{},"_coverageSchema":"1a1c01bbd47fc00a2c39e90264f33305004495a9","hash":"21c486f0d0f589bc2940be69fd2911a7aba3f3b8"}
,"D:\\QA\\BeerVerse\\services\\beerService.js": {"path":"D:\\QA\\BeerVerse\\services\\beerService.js","statementMap":{"0":{"start":{"line":13,"column":8},"end":{"line":13,"column":18}},"1":{"start":{"line":15,"column":20},"end":{"line":15,"column":22}},"2":{"start":{"line":16,"column":4},"end":{"line":16,"column":36}},"3":{"start":{"line":16,"column":15},"end":{"line":16,"column":36}},"4":{"start":{"line":17,"column":4},"end":{"line":17,"column":38}},"5":{"start":{"line":17,"column":16},"end":{"line":17,"column":38}},"6":{"start":{"line":18,"column":4},"end":{"line":18,"column":42}},"7":{"start":{"line":18,"column":18},"end":{"line":18,"column":42}},"8":{"start":{"line":19,"column":4},"end":{"line":19,"column":47}},"9":{"start":{"line":19,"column":27},"end":{"line":19,"column":47}},"10":{"start":{"line":20,"column":4},"end":{"line":20,"column":47}},"11":{"start":{"line":20,"column":27},"end":{"line":20,"column":47}},"12":{"start":{"line":22,"column":4},"end":{"line":24,"column":5}},"13":{"start":{"line":23,"column":8},"end":{"line":23,"column":83}},"14":{"start":{"line":26,"column":4},"end":{"line":28,"column":5}},"15":{"start":{"line":27,"column":8},"end":{"line":27,"column":57}},"16":{"start":{"line":30,"column":4},"end":{"line":32,"column":5}},"17":{"start":{"line":31,"column":8},"end":{"line":31,"column":57}},"18":{"start":{"line":34,"column":4},"end":{"line":36,"column":5}},"19":{"start":{"line":35,"column":8},"end":{"line":35,"column":66}},"20":{"start":{"line":38,"column":4},"end":{"line":40,"column":5}},"21":{"start":{"line":39,"column":8},"end":{"line":39,"column":66}},"22":{"start":{"line":42,"column":17},"end":{"line":51,"column":6}},"23":{"start":{"line":53,"column":4},"end":{"line":53,"column":27}},"24":{"start":{"line":57,"column":18},"end":{"line":57,"column":20}},"25":{"start":{"line":59,"column":4},"end":{"line":61,"column":5}},"26":{"start":{"line":60,"column":8},"end":{"line":60,"column":36}},"27":{"start":{"line":63,"column":4},"end":{"line":65,"column":5}},"28":{"start":{"line":64,"column":8},"end":{"line":64,"column":40}},"29":{"start":{"line":67,"column":4},"end":{"line":69,"column":5}},"30":{"start":{"line":68,"column":8},"end":{"line":68,"column":40}},"31":{"start":{"line":71,"column":18},"end":{"line":71,"column":64}},"32":{"start":{"line":73,"column":4},"end":{"line":73,"column":42}},"33":{"start":{"line":73,"column":28},"end":{"line":73,"column":40}},"34":{"start":{"line":77,"column":17},"end":{"line":77,"column":40}},"35":{"start":{"line":78,"column":4},"end":{"line":80,"column":5}},"36":{"start":{"line":79,"column":8},"end":{"line":79,"column":51}},"37":{"start":{"line":81,"column":4},"end":{"line":81,"column":27}},"38":{"start":{"line":85,"column":17},"end":{"line":88,"column":6}},"39":{"start":{"line":90,"column":4},"end":{"line":92,"column":5}},"40":{"start":{"line":91,"column":8},"end":{"line":91,"column":51}},"41":{"start":{"line":93,"column":4},"end":{"line":93,"column":27}},"42":{"start":{"line":97,"column":17},"end":{"line":97,"column":49}},"43":{"start":{"line":99,"column":4},"end":{"line":101,"column":5}},"44":{"start":{"line":100,"column":8},"end":{"line":100,"column":51}},"45":{"start":{"line":102,"column":4},"end":{"line":102,"column":52}},"46":{"start":{"line":106,"column":18},"end":{"line":106,"column":76}},"47":{"start":{"line":107,"column":4},"end":{"line":107,"column":42}},"48":{"start":{"line":107,"column":28},"end":{"line":107,"column":40}}},"fnMap":{"0":{"name":"createBeer","decl":{"start":{"line":4,"column":22},"end":{"line":4,"column":32}},"loc":{"start":{"line":4,"column":39},"end":{"line":54,"column":1}},"line":4},"1":{"name":"getAllBeers","decl":{"start":{"line":56,"column":22},"end":{"line":56,"column":33}},"loc":{"start":{"line":56,"column":48},"end":{"line":74,"column":1}},"line":56},"2":{"name":"(anonymous_2)","decl":{"start":{"line":73,"column":21},"end":{"line":73,"column":22}},"loc":{"start":{"line":73,"column":28},"end":{"line":73,"column":40}},"line":73},"3":{"name":"getBeerById","decl":{"start":{"line":76,"column":22},"end":{"line":76,"column":33}},"loc":{"start":{"line":76,"column":38},"end":{"line":82,"column":1}},"line":76},"4":{"name":"updateBeer","decl":{"start":{"line":84,"column":22},"end":{"line":84,"column":32}},"loc":{"start":{"line":84,"column":43},"end":{"line":94,"column":1}},"line":84},"5":{"name":"deleteBeer","decl":{"start":{"line":96,"column":22},"end":{"line":96,"column":32}},"loc":{"start":{"line":96,"column":37},"end":{"line":103,"column":1}},"line":96},"6":{"name":"getCraftBeers","decl":{"start":{"line":105,"column":22},"end":{"line":105,"column":35}},"loc":{"start":{"line":105,"column":38},"end":{"line":108,"column":1}},"line":105},"7":{"name":"(anonymous_7)","decl":{"start":{"line":107,"column":21},"end":{"line":107,"column":22}},"loc":{"start":{"line":107,"column":28},"end":{"line":107,"column":40}},"line":107}},"branchMap":{"0":{"loc":{"start":{"line":13,"column":8},"end":{"line":13,"column":18}},"type":"binary-expr","locations":[{"start":{"line":13,"column":8},"end":{"line":13,"column":12}},{"start":{"line":13,"column":16},"end":{"line":13,"column":18}}],"line":13},"1":{"loc":{"start":{"line":16,"column":4},"end":{"line":16,"column":36}},"type":"if","locations":[{"start":{"line":16,"column":4},"end":{"line":16,"column":36}},{"start":{},"end":{}}],"line":16},"2":{"loc":{"start":{"line":17,"column":4},"end":{"line":17,"column":38}},"type":"if","locations":[{"start":{"line":17,"column":4},"end":{"line":17,"column":38}},{"start":{},"end":{}}],"line":17},"3":{"loc":{"start":{"line":18,"column":4},"end":{"line":18,"column":42}},"type":"if","locations":[{"start":{"line":18,"column":4},"end":{"line":18,"column":42}},{"start":{},"end":{}}],"line":18},"4":{"loc":{"start":{"line":19,"column":4},"end":{"line":19,"column":47}},"type":"if","locations":[{"start":{"line":19,"column":4},"end":{"line":19,"column":47}},{"start":{},"end":{}}],"line":19},"5":{"loc":{"start":{"line":20,"column":4},"end":{"line":20,"column":47}},"type":"if","locations":[{"start":{"line":20,"column":4},"end":{"line":20,"column":47}},{"start":{},"end":{}}],"line":20},"6":{"loc":{"start":{"line":22,"column":4},"end":{"line":24,"column":5}},"type":"if","locations":[{"start":{"line":22,"column":4},"end":{"line":24,"column":5}},{"start":{},"end":{}}],"line":22},"7":{"loc":{"start":{"line":26,"column":4},"end":{"line":28,"column":5}},"type":"if","locations":[{"start":{"line":26,"column":4},"end":{"line":28,"column":5}},{"start":{},"end":{}}],"line":26},"8":{"loc":{"start":{"line":30,"column":4},"end":{"line":32,"column":5}},"type":"if","locations":[{"start":{"line":30,"column":4},"end":{"line":32,"column":5}},{"start":{},"end":{}}],"line":30},"9":{"loc":{"start":{"line":34,"column":4},"end":{"line":36,"column":5}},"type":"if","locations":[{"start":{"line":34,"column":4},"end":{"line":36,"column":5}},{"start":{},"end":{}}],"line":34},"10":{"loc":{"start":{"line":34,"column":8},"end":{"line":34,"column":27}},"type":"binary-expr","locations":[{"start":{"line":34,"column":8},"end":{"line":34,"column":15}},{"start":{"line":34,"column":19},"end":{"line":34,"column":27}}],"line":34},"11":{"loc":{"start":{"line":38,"column":4},"end":{"line":40,"column":5}},"type":"if","locations":[{"start":{"line":38,"column":4},"end":{"line":40,"column":5}},{"start":{},"end":{}}],"line":38},"12":{"loc":{"start":{"line":38,"column":8},"end":{"line":38,"column":28}},"type":"binary-expr","locations":[{"start":{"line":38,"column":8},"end":{"line":38,"column":15}},{"start":{"line":38,"column":19},"end":{"line":38,"column":28}}],"line":38},"13":{"loc":{"start":{"line":56,"column":34},"end":{"line":56,"column":46}},"type":"default-arg","locations":[{"start":{"line":56,"column":44},"end":{"line":56,"column":46}}],"line":56},"14":{"loc":{"start":{"line":59,"column":4},"end":{"line":61,"column":5}},"type":"if","locations":[{"start":{"line":59,"column":4},"end":{"line":61,"column":5}},{"start":{},"end":{}}],"line":59},"15":{"loc":{"start":{"line":63,"column":4},"end":{"line":65,"column":5}},"type":"if","locations":[{"start":{"line":63,"column":4},"end":{"line":65,"column":5}},{"start":{},"end":{}}],"line":63},"16":{"loc":{"start":{"line":67,"column":4},"end":{"line":69,"column":5}},"type":"if","locations":[{"start":{"line":67,"column":4},"end":{"line":69,"column":5}},{"start":{},"end":{}}],"line":67},"17":{"loc":{"start":{"line":78,"column":4},"end":{"line":80,"column":5}},"type":"if","locations":[{"start":{"line":78,"column":4},"end":{"line":80,"column":5}},{"start":{},"end":{}}],"line":78},"18":{"loc":{"start":{"line":90,"column":4},"end":{"line":92,"column":5}},"type":"if","locations":[{"start":{"line":90,"column":4},"end":{"line":92,"column":5}},{"start":{},"end":{}}],"line":90},"19":{"loc":{"start":{"line":99,"column":4},"end":{"line":101,"column":5}},"type":"if","locations":[{"start":{"line":99,"column":4},"end":{"line":101,"column":5}},{"start":{},"end":{}}],"line":99}},"s":{"0":2,"1":2,"2":2,"3":0,"4":2,"5":1,"6":2,"7":0,"8":2,"9":0,"10":2,"11":0,"12":2,"13":1,"14":1,"15":0,"16":1,"17":0,"18":1,"19":0,"20":1,"21":0,"22":1,"23":1,"24":0,"25":0,"26":0,"27":0,"28":0,"29":0,"30":0,"31":0,"32":0,"33":0,"34":0,"35":0,"36":0,"37":0,"38":0,"39":0,"40":0,"41":0,"42":0,"43":0,"44":0,"45":0,"46":0,"47":0,"48":0},"f":{"0":2,"1":0,"2":0,"3":0,"4":0,"5":0,"6":0,"7":0},"b":{"0":[2,0],"1":[0,2],"2":[1,1],"3":[0,2],"4":[0,2],"5":[0,2],"6":[1,1],"7":[0,1],"8":[0,1],"9":[0,1],"10":[1,1],"11":[0,1],"12":[1,1],"13":[0],"14":[0,0],"15":[0,0],"16":[0,0],"17":[0,0],"18":[0,0],"19":[0,0]},"_coverageSchema":"1a1c01bbd47fc00a2c39e90264f33305004495a9","hash":"b3f5f6f1b498320b2b208b6f3e31d4889ba54822"}
,"D:\\QA\\BeerVerse\\services\\loginUserService.js": {"path":"D:\\QA\\BeerVerse\\services\\loginUserService.js","statementMap":{"0":{"start":{"line":7,"column":4},"end":{"line":9,"column":5}},"1":{"start":{"line":8,"column":8},"end":{"line":8,"column":71}},"2":{"start":{"line":11,"column":17},"end":{"line":11,"column":63}},"3":{"start":{"line":11,"column":36},"end":{"line":11,"column":62}},"4":{"start":{"line":12,"column":4},"end":{"line":14,"column":5}},"5":{"start":{"line":13,"column":8},"end":{"line":13,"column":49}},"6":{"start":{"line":16,"column":28},"end":{"line":16,"column":73}},"7":{"start":{"line":17,"column":4},"end":{"line":19,"column":5}},"8":{"start":{"line":18,"column":8},"end":{"line":18,"column":53}},"9":{"start":{"line":20,"column":18},"end":{"line":24,"column":5}},"10":{"start":{"line":26,"column":4},"end":{"line":30,"column":6}}},"fnMap":{"0":{"name":"loginUserService","decl":{"start":{"line":6,"column":22},"end":{"line":6,"column":38}},"loc":{"start":{"line":6,"column":59},"end":{"line":31,"column":1}},"line":6},"1":{"name":"(anonymous_1)","decl":{"start":{"line":11,"column":28},"end":{"line":11,"column":29}},"loc":{"start":{"line":11,"column":36},"end":{"line":11,"column":62}},"line":11}},"branchMap":{"0":{"loc":{"start":{"line":7,"column":4},"end":{"line":9,"column":5}},"type":"if","locations":[{"start":{"line":7,"column":4},"end":{"line":9,"column":5}},{"start":{},"end":{}}],"line":7},"1":{"loc":{"start":{"line":7,"column":8},"end":{"line":7,"column":46}},"type":"binary-expr","locations":[{"start":{"line":7,"column":8},"end":{"line":7,"column":25}},{"start":{"line":7,"column":29},"end":{"line":7,"column":46}}],"line":7},"2":{"loc":{"start":{"line":12,"column":4},"end":{"line":14,"column":5}},"type":"if","locations":[{"start":{"line":12,"column":4},"end":{"line":14,"column":5}},{"start":{},"end":{}}],"line":12},"3":{"loc":{"start":{"line":17,"column":4},"end":{"line":19,"column":5}},"type":"if","locations":[{"start":{"line":17,"column":4},"end":{"line":19,"column":5}},{"start":{},"end":{}}],"line":17}},"s":{"0":3,"1":2,"2":1,"3":0,"4":1,"5":1,"6":0,"7":0,"8":0,"9":0,"10":0},"f":{"0":3,"1":0},"b":{"0":[2,1],"1":[3,2],"2":[1,0],"3":[0,0]},"_coverageSchema":"1a1c01bbd47fc00a2c39e90264f33305004495a9","hash":"05cae273e39346fe4ca8f80ebdbc2894fc67f2b3"}
,"D:\\QA\\BeerVerse\\services\\registerUserService.js": {"path":"D:\\QA\\BeerVerse\\services\\registerUserService.js","statementMap":{"0":{"start":{"line":7,"column":19},"end":{"line":7,"column":21}},"1":{"start":{"line":9,"column":4},"end":{"line":126,"column":5}},"2":{"start":{"line":18,"column":12},"end":{"line":18,"column":16}},"3":{"start":{"line":20,"column":32},"end":{"line":20,"column":61}},"4":{"start":{"line":21,"column":32},"end":{"line":21,"column":61}},"5":{"start":{"line":22,"column":39},"end":{"line":22,"column":75}},"6":{"start":{"line":23,"column":33},"end":{"line":23,"column":63}},"7":{"start":{"line":24,"column":32},"end":{"line":24,"column":61}},"8":{"start":{"line":25,"column":27},"end":{"line":25,"column":51}},"9":{"start":{"line":26,"column":29},"end":{"line":26,"column":55}},"10":{"start":{"line":28,"column":8},"end":{"line":28,"column":66}},"11":{"start":{"line":28,"column":30},"end":{"line":28,"column":66}},"12":{"start":{"line":29,"column":8},"end":{"line":29,"column":66}},"13":{"start":{"line":29,"column":30},"end":{"line":29,"column":66}},"14":{"start":{"line":30,"column":8},"end":{"line":30,"column":76}},"15":{"start":{"line":30,"column":37},"end":{"line":30,"column":76}},"16":{"start":{"line":31,"column":8},"end":{"line":31,"column":69}},"17":{"start":{"line":31,"column":31},"end":{"line":31,"column":69}},"18":{"start":{"line":32,"column":8},"end":{"line":32,"column":67}},"19":{"start":{"line":32,"column":30},"end":{"line":32,"column":67}},"20":{"start":{"line":33,"column":8},"end":{"line":33,"column":56}},"21":{"start":{"line":33,"column":25},"end":{"line":33,"column":56}},"22":{"start":{"line":34,"column":8},"end":{"line":34,"column":61}},"23":{"start":{"line":34,"column":27},"end":{"line":34,"column":61}},"24":{"start":{"line":36,"column":34},"end":{"line":36,"column":57}},"25":{"start":{"line":36,"column":43},"end":{"line":36,"column":57}},"26":{"start":{"line":37,"column":8},"end":{"line":45,"column":9}},"27":{"start":{"line":44,"column":12},"end":{"line":44,"column":87}},"28":{"start":{"line":47,"column":26},"end":{"line":47,"column":45}},"29":{"start":{"line":48,"column":25},"end":{"line":48,"column":32}},"30":{"start":{"line":49,"column":27},"end":{"line":49,"column":55}},"31":{"start":{"line":51,"column":8},"end":{"line":53,"column":9}},"32":{"start":{"line":52,"column":12},"end":{"line":52,"column":64}},"33":{"start":{"line":55,"column":8},"end":{"line":57,"column":9}},"34":{"start":{"line":56,"column":12},"end":{"line":56,"column":63}},"35":{"start":{"line":59,"column":8},"end":{"line":61,"column":9}},"36":{"start":{"line":60,"column":12},"end":{"line":60,"column":48}},"37":{"start":{"line":63,"column":8},"end":{"line":65,"column":9}},"38":{"start":{"line":64,"column":12},"end":{"line":64,"column":42}},"39":{"start":{"line":67,"column":8},"end":{"line":69,"column":9}},"40":{"start":{"line":68,"column":12},"end":{"line":68,"column":72}},"41":{"start":{"line":71,"column":8},"end":{"line":73,"column":9}},"42":{"start":{"line":72,"column":12},"end":{"line":72,"column":72}},"43":{"start":{"line":74,"column":8},"end":{"line":76,"column":9}},"44":{"start":{"line":75,"column":12},"end":{"line":75,"column":49}},"45":{"start":{"line":77,"column":8},"end":{"line":84,"column":9}},"46":{"start":{"line":78,"column":12},"end":{"line":78,"column":48}},"47":{"start":{"line":80,"column":30},"end":{"line":80,"column":48}},"48":{"start":{"line":81,"column":12},"end":{"line":83,"column":13}},"49":{"start":{"line":82,"column":16},"end":{"line":82,"column":61}},"50":{"start":{"line":86,"column":8},"end":{"line":88,"column":9}},"51":{"start":{"line":87,"column":12},"end":{"line":87,"column":45}},"52":{"start":{"line":90,"column":29},"end":{"line":95,"column":10}},"53":{"start":{"line":97,"column":8},"end":{"line":99,"column":9}},"54":{"start":{"line":98,"column":12},"end":{"line":98,"column":60}},"55":{"start":{"line":101,"column":31},"end":{"line":101,"column":68}},"56":{"start":{"line":103,"column":21},"end":{"line":110,"column":10}},"57":{"start":{"line":112,"column":8},"end":{"line":119,"column":10}},"58":{"start":{"line":122,"column":8},"end":{"line":124,"column":9}},"59":{"start":{"line":123,"column":12},"end":{"line":123,"column":24}},"60":{"start":{"line":125,"column":8},"end":{"line":125,"column":49}}},"fnMap":{"0":{"name":"registerUserService","decl":{"start":{"line":5,"column":22},"end":{"line":5,"column":41}},"loc":{"start":{"line":5,"column":48},"end":{"line":127,"column":1}},"line":5},"1":{"name":"(anonymous_1)","decl":{"start":{"line":36,"column":34},"end":{"line":36,"column":35}},"loc":{"start":{"line":36,"column":43},"end":{"line":36,"column":57}},"line":36}},"branchMap":{"0":{"loc":{"start":{"line":20,"column":39},"end":{"line":20,"column":53}},"type":"binary-expr","locations":[{"start":{"line":20,"column":39},"end":{"line":20,"column":47}},{"start":{"line":20,"column":51},"end":{"line":20,"column":53}}],"line":20},"1":{"loc":{"start":{"line":21,"column":39},"end":{"line":21,"column":53}},"type":"binary-expr","locations":[{"start":{"line":21,"column":39},"end":{"line":21,"column":47}},{"start":{"line":21,"column":51},"end":{"line":21,"column":53}}],"line":21},"2":{"loc":{"start":{"line":22,"column":46},"end":{"line":22,"column":67}},"type":"binary-expr","locations":[{"start":{"line":22,"column":46},"end":{"line":22,"column":61}},{"start":{"line":22,"column":65},"end":{"line":22,"column":67}}],"line":22},"3":{"loc":{"start":{"line":23,"column":40},"end":{"line":23,"column":55}},"type":"binary-expr","locations":[{"start":{"line":23,"column":40},"end":{"line":23,"column":49}},{"start":{"line":23,"column":53},"end":{"line":23,"column":55}}],"line":23},"4":{"loc":{"start":{"line":24,"column":39},"end":{"line":24,"column":53}},"type":"binary-expr","locations":[{"start":{"line":24,"column":39},"end":{"line":24,"column":47}},{"start":{"line":24,"column":51},"end":{"line":24,"column":53}}],"line":24},"5":{"loc":{"start":{"line":25,"column":34},"end":{"line":25,"column":43}},"type":"binary-expr","locations":[{"start":{"line":25,"column":34},"end":{"line":25,"column":37}},{"start":{"line":25,"column":41},"end":{"line":25,"column":43}}],"line":25},"6":{"loc":{"start":{"line":26,"column":36},"end":{"line":26,"column":47}},"type":"binary-expr","locations":[{"start":{"line":26,"column":36},"end":{"line":26,"column":41}},{"start":{"line":26,"column":45},"end":{"line":26,"column":47}}],"line":26},"7":{"loc":{"start":{"line":28,"column":8},"end":{"line":28,"column":66}},"type":"if","locations":[{"start":{"line":28,"column":8},"end":{"line":28,"column":66}},{"start":{},"end":{}}],"line":28},"8":{"loc":{"start":{"line":29,"column":8},"end":{"line":29,"column":66}},"type":"if","locations":[{"start":{"line":29,"column":8},"end":{"line":29,"column":66}},{"start":{},"end":{}}],"line":29},"9":{"loc":{"start":{"line":30,"column":8},"end":{"line":30,"column":76}},"type":"if","locations":[{"start":{"line":30,"column":8},"end":{"line":30,"column":76}},{"start":{},"end":{}}],"line":30},"10":{"loc":{"start":{"line":31,"column":8},"end":{"line":31,"column":69}},"type":"if","locations":[{"start":{"line":31,"column":8},"end":{"line":31,"column":69}},{"start":{},"end":{}}],"line":31},"11":{"loc":{"start":{"line":32,"column":8},"end":{"line":32,"column":67}},"type":"if","locations":[{"start":{"line":32,"column":8},"end":{"line":32,"column":67}},{"start":{},"end":{}}],"line":32},"12":{"loc":{"start":{"line":33,"column":8},"end":{"line":33,"column":56}},"type":"if","locations":[{"start":{"line":33,"column":8},"end":{"line":33,"column":56}},{"start":{},"end":{}}],"line":33},"13":{"loc":{"start":{"line":34,"column":8},"end":{"line":34,"column":61}},"type":"if","locations":[{"start":{"line":34,"column":8},"end":{"line":34,"column":61}},{"start":{},"end":{}}],"line":34},"14":{"loc":{"start":{"line":37,"column":8},"end":{"line":45,"column":9}},"type":"if","locations":[{"start":{"line":37,"column":8},"end":{"line":45,"column":9}},{"start":{},"end":{}}],"line":37},"15":{"loc":{"start":{"line":38,"column":12},"end":{"line":42,"column":43}},"type":"binary-expr","locations":[{"start":{"line":38,"column":12},"end":{"line":38,"column":46}},{"start":{"line":39,"column":12},"end":{"line":39,"column":46}},{"start":{"line":40,"column":12},"end":{"line":40,"column":53}},{"start":{"line":41,"column":12},"end":{"line":41,"column":41}},{"start":{"line":42,"column":12},"end":{"line":42,"column":43}}],"line":38},"16":{"loc":{"start":{"line":51,"column":8},"end":{"line":53,"column":9}},"type":"if","locations":[{"start":{"line":51,"column":8},"end":{"line":53,"column":9}},{"start":{},"end":{}}],"line":51},"17":{"loc":{"start":{"line":55,"column":8},"end":{"line":57,"column":9}},"type":"if","locations":[{"start":{"line":55,"column":8},"end":{"line":57,"column":9}},{"start":{},"end":{}}],"line":55},"18":{"loc":{"start":{"line":59,"column":8},"end":{"line":61,"column":9}},"type":"if","locations":[{"start":{"line":59,"column":8},"end":{"line":61,"column":9}},{"start":{},"end":{}}],"line":59},"19":{"loc":{"start":{"line":63,"column":8},"end":{"line":65,"column":9}},"type":"if","locations":[{"start":{"line":63,"column":8},"end":{"line":65,"column":9}},{"start":{},"end":{}}],"line":63},"20":{"loc":{"start":{"line":67,"column":8},"end":{"line":69,"column":9}},"type":"if","locations":[{"start":{"line":67,"column":8},"end":{"line":69,"column":9}},{"start":{},"end":{}}],"line":67},"21":{"loc":{"start":{"line":67,"column":12},"end":{"line":67,"column":69}},"type":"binary-expr","locations":[{"start":{"line":67,"column":12},"end":{"line":67,"column":38}},{"start":{"line":67,"column":42},"end":{"line":67,"column":69}}],"line":67},"22":{"loc":{"start":{"line":71,"column":8},"end":{"line":73,"column":9}},"type":"if","locations":[{"start":{"line":71,"column":8},"end":{"line":73,"column":9}},{"start":{},"end":{}}],"line":71},"23":{"loc":{"start":{"line":71,"column":12},"end":{"line":71,"column":69}},"type":"binary-expr","locations":[{"start":{"line":71,"column":12},"end":{"line":71,"column":38}},{"start":{"line":71,"column":42},"end":{"line":71,"column":69}}],"line":71},"24":{"loc":{"start":{"line":74,"column":8},"end":{"line":76,"column":9}},"type":"if","locations":[{"start":{"line":74,"column":8},"end":{"line":76,"column":9}},{"start":{},"end":{}}],"line":74},"25":{"loc":{"start":{"line":77,"column":8},"end":{"line":84,"column":9}},"type":"if","locations":[{"start":{"line":77,"column":8},"end":{"line":84,"column":9}},{"start":{"line":79,"column":15},"end":{"line":84,"column":9}}],"line":77},"26":{"loc":{"start":{"line":81,"column":12},"end":{"line":83,"column":13}},"type":"if","locations":[{"start":{"line":81,"column":12},"end":{"line":83,"column":13}},{"start":{},"end":{}}],"line":81},"27":{"loc":{"start":{"line":81,"column":16},"end":{"line":81,"column":48}},"type":"binary-expr","locations":[{"start":{"line":81,"column":16},"end":{"line":81,"column":30}},{"start":{"line":81,"column":34},"end":{"line":81,"column":48}}],"line":81},"28":{"loc":{"start":{"line":86,"column":8},"end":{"line":88,"column":9}},"type":"if","locations":[{"start":{"line":86,"column":8},"end":{"line":88,"column":9}},{"start":{},"end":{}}],"line":86},"29":{"loc":{"start":{"line":97,"column":8},"end":{"line":99,"column":9}},"type":"if","locations":[{"start":{"line":97,"column":8},"end":{"line":99,"column":9}},{"start":{},"end":{}}],"line":97},"30":{"loc":{"start":{"line":122,"column":8},"end":{"line":124,"column":9}},"type":"if","locations":[{"start":{"line":122,"column":8},"end":{"line":124,"column":9}},{"start":{},"end":{}}],"line":122}},"s":{"0":28,"1":28,"2":28,"3":28,"4":28,"5":28,"6":28,"7":28,"8":28,"9":28,"10":28,"11":2,"12":28,"13":2,"14":28,"15":2,"16":28,"17":2,"18":28,"19":2,"20":28,"21":2,"22":28,"23":2,"24":28,"25":129,"26":28,"27":4,"28":28,"29":28,"30":28,"31":28,"32":3,"33":28,"34":3,"35":28,"36":5,"37":28,"38":4,"39":28,"40":5,"41":28,"42":4,"43":28,"44":2,"45":28,"46":5,"47":23,"48":23,"49":2,"50":28,"51":18,"52":10,"53":10,"54":1,"55":9,"56":8,"57":8,"58":20,"59":19,"60":1},"f":{"0":28,"1":129},"b":{"0":[28,2],"1":[28,2],"2":[28,2],"3":[28,2],"4":[28,2],"5":[28,2],"6":[28,2],"7":[2,26],"8":[2,26],"9":[2,26],"10":[2,26],"11":[2,26],"12":[2,26],"13":[2,26],"14":[4,24],"15":[28,27,25,25,24],"16":[3,25],"17":[3,25],"18":[5,23],"19":[4,24],"20":[5,23],"21":[28,23],"22":[4,24],"23":[28,25],"24":[2,26],"25":[5,23],"26":[2,21],"27":[23,22],"28":[18,10],"29":[1,9],"30":[19,1]},"_coverageSchema":"1a1c01bbd47fc00a2c39e90264f33305004495a9","hash":"ba24dcfbffe61fb6ed80a8b52ab067d6c6b988b4"}
,"D:\\QA\\BeerVerse\\test\\mockFunctions.js": {"path":"D:\\QA\\BeerVerse\\test\\mockFunctions.js","statementMap":{"0":{"start":{"line":4,"column":4},"end":{"line":6,"column":6}},"1":{"start":{"line":10,"column":16},"end":{"line":10,"column":18}},"2":{"start":{"line":11,"column":4},"end":{"line":11,"column":44}},"3":{"start":{"line":12,"column":4},"end":{"line":12,"column":25}},"4":{"start":{"line":13,"column":4},"end":{"line":13,"column":15}}},"fnMap":{"0":{"name":"mockRequest","decl":{"start":{"line":3,"column":16},"end":{"line":3,"column":27}},"loc":{"start":{"line":3,"column":30},"end":{"line":7,"column":1}},"line":3},"1":{"name":"mockResponse","decl":{"start":{"line":9,"column":16},"end":{"line":9,"column":28}},"loc":{"start":{"line":9,"column":31},"end":{"line":14,"column":1}},"line":9}},"branchMap":{},"s":{"0":8,"1":8,"2":8,"3":8,"4":8},"f":{"0":8,"1":8},"b":{},"_coverageSchema":"1a1c01bbd47fc00a2c39e90264f33305004495a9","hash":"58c9153064d8d675f58b84a377a5a56f369236aa"}
}
