TN:
SF:helpers.js
FN:2,(anonymous_0)
FNF:1
FNH:1
FNDA:32,(anonymous_0)
DA:3,32
DA:4,18
DA:5,18
DA:7,14
DA:8,14
DA:10,32
DA:11,32
DA:12,32
LF:8
LH:8
BRDA:3,0,0,18
BRDA:3,0,1,14
BRDA:11,1,0,32
BRDA:11,1,1,0
BRF:4
BRH:3
end_of_record
TN:
SF:controllers\authControllers.js
FN:5,registerUserController
FN:23,loginUserController
FNF:2
FNH:2
FNDA:4,registerUserController
FNDA:3,loginUserController
DA:6,4
DA:7,4
DA:8,1
DA:13,3
DA:14,2
DA:18,1
DA:19,1
DA:24,3
DA:25,3
DA:26,3
DA:28,1
DA:33,2
DA:34,1
DA:36,1
DA:37,1
LF:15
LH:15
BRDA:13,0,0,2
BRDA:13,0,1,1
BRDA:15,1,0,2
BRDA:15,1,1,1
BRDA:25,2,0,3
BRDA:25,2,1,0
BRDA:33,3,0,1
BRDA:33,3,1,1
BRF:8
BRH:7
end_of_record
TN:
SF:services\beerService.js
FN:4,createBeer
FN:57,getAllBeers
FN:74,(anonymous_2)
FN:77,getBeerById
FN:85,updateBeer
FN:97,deleteBeer
FN:106,getCraftBeers
FN:108,(anonymous_7)
FNF:8
FNH:1
FNDA:8,createBeer
FNDA:0,getAllBeers
FNDA:0,(anonymous_2)
FNDA:0,getBeerById
FNDA:0,updateBeer
FNDA:0,deleteBeer
FNDA:0,getCraftBeers
FNDA:0,(anonymous_7)
DA:14,8
DA:16,8
DA:17,8
DA:18,8
DA:19,8
DA:20,8
DA:21,8
DA:23,8
DA:24,1
DA:27,7
DA:28,1
DA:31,6
DA:32,1
DA:35,5
DA:36,2
DA:39,3
DA:40,0
DA:43,3
DA:54,3
DA:58,0
DA:60,0
DA:61,0
DA:64,0
DA:65,0
DA:68,0
DA:69,0
DA:72,0
DA:74,0
DA:78,0
DA:79,0
DA:80,0
DA:82,0
DA:86,0
DA:91,0
DA:92,0
DA:94,0
DA:98,0
DA:100,0
DA:101,0
DA:103,0
DA:107,0
DA:108,0
LF:42
LH:18
BRDA:14,0,0,8
BRDA:14,0,1,0
BRDA:17,1,0,1
BRDA:17,1,1,7
BRDA:18,2,0,1
BRDA:18,2,1,7
BRDA:19,3,0,1
BRDA:19,3,1,7
BRDA:20,4,0,1
BRDA:20,4,1,7
BRDA:21,5,0,1
BRDA:21,5,1,7
BRDA:23,6,0,1
BRDA:23,6,1,7
BRDA:27,7,0,1
BRDA:27,7,1,6
BRDA:31,8,0,1
BRDA:31,8,1,5
BRDA:35,9,0,2
BRDA:35,9,1,3
BRDA:35,10,0,5
BRDA:35,10,1,4
BRDA:39,11,0,0
BRDA:39,11,1,3
BRDA:39,12,0,3
BRDA:39,12,1,3
BRDA:57,13,0,0
BRDA:60,14,0,0
BRDA:60,14,1,0
BRDA:64,15,0,0
BRDA:64,15,1,0
BRDA:68,16,0,0
BRDA:68,16,1,0
BRDA:79,17,0,0
BRDA:79,17,1,0
BRDA:91,18,0,0
BRDA:91,18,1,0
BRDA:100,19,0,0
BRDA:100,19,1,0
BRF:39
BRH:24
end_of_record
TN:
SF:services\loginUserService.js
FN:6,loginUserService
FNF:1
FNH:1
FNDA:5,loginUserService
DA:7,5
DA:8,2
DA:11,3
DA:12,3
DA:13,1
DA:16,2
DA:17,2
DA:18,1
DA:20,1
DA:26,1
LF:10
LH:10
BRDA:7,0,0,2
BRDA:7,0,1,3
BRDA:7,1,0,5
BRDA:7,1,1,4
BRDA:12,2,0,1
BRDA:12,2,1,2
BRDA:17,3,0,1
BRDA:17,3,1,1
BRF:8
BRH:8
end_of_record
TN:
SF:services\registerUserService.js
FN:5,registerUserService
FN:36,(anonymous_1)
FNF:2
FNH:2
FNDA:25,registerUserService
FNDA:114,(anonymous_1)
DA:7,25
DA:9,25
DA:18,25
DA:20,25
DA:21,25
DA:22,25
DA:23,25
DA:24,25
DA:25,25
DA:26,25
DA:28,25
DA:29,25
DA:30,25
DA:31,25
DA:32,25
DA:33,25
DA:34,25
DA:36,114
DA:37,25
DA:44,4
DA:47,25
DA:48,25
DA:49,25
DA:51,25
DA:52,3
DA:55,25
DA:56,3
DA:59,25
DA:60,4
DA:63,25
DA:64,4
DA:67,25
DA:68,5
DA:71,25
DA:72,4
DA:74,25
DA:75,2
DA:77,25
DA:78,4
DA:80,21
DA:81,21
DA:82,2
DA:86,25
DA:87,17
DA:90,8
DA:97,8
DA:98,2
DA:101,6
DA:103,5
DA:112,5
DA:122,20
DA:123,19
DA:125,1
LF:53
LH:53
BRDA:20,0,0,25
BRDA:20,0,1,2
BRDA:21,1,0,25
BRDA:21,1,1,2
BRDA:22,2,0,25
BRDA:22,2,1,2
BRDA:23,3,0,25
BRDA:23,3,1,2
BRDA:24,4,0,25
BRDA:24,4,1,2
BRDA:25,5,0,25
BRDA:25,5,1,2
BRDA:26,6,0,25
BRDA:26,6,1,2
BRDA:28,7,0,2
BRDA:28,7,1,23
BRDA:29,8,0,2
BRDA:29,8,1,23
BRDA:30,9,0,2
BRDA:30,9,1,23
BRDA:31,10,0,2
BRDA:31,10,1,23
BRDA:32,11,0,2
BRDA:32,11,1,23
BRDA:33,12,0,2
BRDA:33,12,1,23
BRDA:34,13,0,2
BRDA:34,13,1,23
BRDA:37,14,0,4
BRDA:37,14,1,21
BRDA:38,15,0,25
BRDA:38,15,1,24
BRDA:38,15,2,22
BRDA:38,15,3,22
BRDA:38,15,4,21
BRDA:51,16,0,3
BRDA:51,16,1,22
BRDA:55,17,0,3
BRDA:55,17,1,22
BRDA:59,18,0,4
BRDA:59,18,1,21
BRDA:63,19,0,4
BRDA:63,19,1,21
BRDA:67,20,0,5
BRDA:67,20,1,20
BRDA:67,21,0,25
BRDA:67,21,1,20
BRDA:71,22,0,4
BRDA:71,22,1,21
BRDA:71,23,0,25
BRDA:71,23,1,22
BRDA:74,24,0,2
BRDA:74,24,1,23
BRDA:77,25,0,4
BRDA:77,25,1,21
BRDA:81,26,0,2
BRDA:81,26,1,19
BRDA:81,27,0,21
BRDA:81,27,1,20
BRDA:86,28,0,17
BRDA:86,28,1,8
BRDA:97,29,0,2
BRDA:97,29,1,6
BRDA:122,30,0,19
BRDA:122,30,1,1
BRF:65
BRH:65
end_of_record
TN:
SF:test\mockFunctions.js
FN:3,mockRequest
FN:9,mockResponse
FNF:2
FNH:2
FNDA:7,mockRequest
FNDA:7,mockResponse
DA:4,7
DA:10,7
DA:11,7
DA:12,7
DA:13,7
LF:5
LH:5
BRF:0
BRH:0
end_of_record
