TN:
SF:helpers.js
FN:2,(anonymous_0)
FNF:1
FNH:1
FNDA:26,(anonymous_0)
DA:3,26
DA:4,18
DA:5,18
DA:7,8
DA:8,8
DA:10,26
DA:11,26
DA:12,26
LF:8
LH:8
BRDA:3,0,0,18
BRDA:3,0,1,8
BRDA:11,1,0,26
BRDA:11,1,1,0
BRF:4
BRH:3
end_of_record
TN:
SF:DB\config\connectDB.js
FN:3,connectDB
FNF:1
FNH:1
FNDA:1,connectDB
DA:4,1
DA:5,1
DA:6,1
DA:8,0
DA:9,0
LF:5
LH:3
BRDA:3,0,0,0
BRF:1
BRH:0
end_of_record
TN:
SF:controllers\authControllers.js
FN:4,registerUserController
FN:18,loginUserController
FNF:2
FNH:2
FNDA:4,registerUserController
FNDA:4,loginUserController
DA:5,4
DA:6,4
DA:7,1
DA:13,3
DA:14,3
DA:19,4
DA:20,4
DA:21,1
DA:26,3
LF:9
LH:9
BRDA:14,0,0,3
BRDA:14,0,1,0
BRDA:14,1,0,3
BRDA:14,1,1,2
BRDA:14,1,2,0
BRDA:26,2,0,3
BRDA:26,2,1,1
BRF:7
BRH:5
end_of_record
TN:
SF:models\beer.js
FNF:0
FNH:0
DA:3,1
LF:1
LH:1
BRF:0
BRH:0
end_of_record
TN:
SF:services\beerService.js
FN:4,createBeer
FN:56,getAllBeers
FN:73,(anonymous_2)
FN:76,getBeerById
FN:84,updateBeer
FN:96,deleteBeer
FN:105,getCraftBeers
FN:107,(anonymous_7)
FNF:8
FNH:1
FNDA:2,createBeer
FNDA:0,getAllBeers
FNDA:0,(anonymous_2)
FNDA:0,getBeerById
FNDA:0,updateBeer
FNDA:0,deleteBeer
FNDA:0,getCraftBeers
FNDA:0,(anonymous_7)
DA:13,2
DA:15,2
DA:16,2
DA:17,2
DA:18,2
DA:19,2
DA:20,2
DA:22,2
DA:23,1
DA:26,1
DA:27,0
DA:30,1
DA:31,0
DA:34,1
DA:35,0
DA:38,1
DA:39,0
DA:42,1
DA:53,1
DA:57,0
DA:59,0
DA:60,0
DA:63,0
DA:64,0
DA:67,0
DA:68,0
DA:71,0
DA:73,0
DA:77,0
DA:78,0
DA:79,0
DA:81,0
DA:85,0
DA:90,0
DA:91,0
DA:93,0
DA:97,0
DA:99,0
DA:100,0
DA:102,0
DA:106,0
DA:107,0
LF:42
LH:15
BRDA:13,0,0,2
BRDA:13,0,1,0
BRDA:16,1,0,0
BRDA:16,1,1,2
BRDA:17,2,0,1
BRDA:17,2,1,1
BRDA:18,3,0,0
BRDA:18,3,1,2
BRDA:19,4,0,0
BRDA:19,4,1,2
BRDA:20,5,0,0
BRDA:20,5,1,2
BRDA:22,6,0,1
BRDA:22,6,1,1
BRDA:26,7,0,0
BRDA:26,7,1,1
BRDA:30,8,0,0
BRDA:30,8,1,1
BRDA:34,9,0,0
BRDA:34,9,1,1
BRDA:34,10,0,1
BRDA:34,10,1,1
BRDA:38,11,0,0
BRDA:38,11,1,1
BRDA:38,12,0,1
BRDA:38,12,1,1
BRDA:56,13,0,0
BRDA:59,14,0,0
BRDA:59,14,1,0
BRDA:63,15,0,0
BRDA:63,15,1,0
BRDA:67,16,0,0
BRDA:67,16,1,0
BRDA:78,17,0,0
BRDA:78,17,1,0
BRDA:90,18,0,0
BRDA:90,18,1,0
BRDA:99,19,0,0
BRDA:99,19,1,0
BRF:39
BRH:17
end_of_record
TN:
SF:services\loginUserService.js
FN:6,loginUserService
FNF:1
FNH:1
FNDA:5,loginUserService
DA:7,5
DA:8,2
DA:11,3
DA:12,3
DA:13,1
DA:16,2
DA:17,2
DA:18,1
DA:20,1
DA:26,1
LF:10
LH:10
BRDA:7,0,0,2
BRDA:7,0,1,3
BRDA:7,1,0,5
BRDA:7,1,1,4
BRDA:12,2,0,1
BRDA:12,2,1,2
BRDA:17,3,0,1
BRDA:17,3,1,1
BRF:8
BRH:8
end_of_record
TN:
SF:services\registerUserService.js
FN:5,registerUserService
FN:36,(anonymous_1)
FNF:2
FNH:2
FNDA:24,registerUserService
FNDA:109,(anonymous_1)
DA:7,24
DA:9,24
DA:18,24
DA:20,24
DA:21,24
DA:22,24
DA:23,24
DA:24,24
DA:25,24
DA:26,24
DA:28,24
DA:29,24
DA:30,24
DA:31,24
DA:32,24
DA:33,24
DA:34,24
DA:36,109
DA:37,24
DA:44,4
DA:47,24
DA:48,24
DA:49,24
DA:51,24
DA:52,3
DA:55,24
DA:56,3
DA:59,24
DA:60,4
DA:63,24
DA:64,4
DA:67,24
DA:68,5
DA:71,24
DA:72,4
DA:74,24
DA:75,2
DA:77,24
DA:78,4
DA:80,20
DA:81,20
DA:82,2
DA:86,24
DA:87,17
DA:90,7
DA:97,7
DA:98,1
DA:101,6
DA:103,5
DA:112,5
DA:122,19
DA:123,18
DA:125,1
LF:53
LH:53
BRDA:20,0,0,24
BRDA:20,0,1,2
BRDA:21,1,0,24
BRDA:21,1,1,2
BRDA:22,2,0,24
BRDA:22,2,1,2
BRDA:23,3,0,24
BRDA:23,3,1,2
BRDA:24,4,0,24
BRDA:24,4,1,2
BRDA:25,5,0,24
BRDA:25,5,1,2
BRDA:26,6,0,24
BRDA:26,6,1,2
BRDA:28,7,0,2
BRDA:28,7,1,22
BRDA:29,8,0,2
BRDA:29,8,1,22
BRDA:30,9,0,2
BRDA:30,9,1,22
BRDA:31,10,0,2
BRDA:31,10,1,22
BRDA:32,11,0,2
BRDA:32,11,1,22
BRDA:33,12,0,2
BRDA:33,12,1,22
BRDA:34,13,0,2
BRDA:34,13,1,22
BRDA:37,14,0,4
BRDA:37,14,1,20
BRDA:38,15,0,24
BRDA:38,15,1,23
BRDA:38,15,2,21
BRDA:38,15,3,21
BRDA:38,15,4,20
BRDA:51,16,0,3
BRDA:51,16,1,21
BRDA:55,17,0,3
BRDA:55,17,1,21
BRDA:59,18,0,4
BRDA:59,18,1,20
BRDA:63,19,0,4
BRDA:63,19,1,20
BRDA:67,20,0,5
BRDA:67,20,1,19
BRDA:67,21,0,24
BRDA:67,21,1,19
BRDA:71,22,0,4
BRDA:71,22,1,20
BRDA:71,23,0,24
BRDA:71,23,1,21
BRDA:74,24,0,2
BRDA:74,24,1,22
BRDA:77,25,0,4
BRDA:77,25,1,20
BRDA:81,26,0,2
BRDA:81,26,1,18
BRDA:81,27,0,20
BRDA:81,27,1,19
BRDA:86,28,0,17
BRDA:86,28,1,7
BRDA:97,29,0,1
BRDA:97,29,1,6
BRDA:122,30,0,18
BRDA:122,30,1,1
BRF:65
BRH:65
end_of_record
TN:
SF:test\mockFunctions.js
FN:3,mockRequest
FN:9,mockResponse
FNF:2
FNH:2
FNDA:8,mockRequest
FNDA:8,mockResponse
DA:4,8
DA:10,8
DA:11,8
DA:12,8
DA:13,8
LF:5
LH:5
BRF:0
BRH:0
end_of_record
